2024-07-04 17:04:30 INFO  c.t.shipments.ShipmentApplication - Starting ShipmentApplication using Java 19.0.1 with PID 13716 (C:\Users\Sai Tejaswi\OneDrive\Desktop\Target-Ready\Project\target-Shipment-review-system\target\classes started by Sai Tejaswi in C:\Users\Sai Tejaswi\OneDrive\Desktop\Target-Ready\Project\target-Shipment-review-system)
2024-07-04 17:04:30 DEBUG c.t.shipments.ShipmentApplication - Running with Spring Boot v3.3.0, Spring v6.1.8
2024-07-04 17:04:30 INFO  c.t.shipments.ShipmentApplication - No active profile set, falling back to 1 default profile: "default"
2024-07-04 17:04:32 INFO  o.s.d.r.c.RepositoryConfigurationDelegate - Bootstrapping Spring Data JPA repositories in DEFAULT mode.
2024-07-04 17:04:32 INFO  o.s.d.r.c.RepositoryConfigurationDelegate - Finished Spring Data repository scanning in 132 ms. Found 2 JPA repository interfaces.
2024-07-04 17:04:34 INFO  o.s.b.w.e.tomcat.TomcatWebServer - Tomcat initialized with port 8080 (http)
2024-07-04 17:04:34 INFO  o.s.b.w.s.c.ServletWebServerApplicationContext - Root WebApplicationContext: initialization completed in 3784 ms
2024-07-04 17:04:35 INFO  o.s.o.j.p.SpringPersistenceUnitInfo - No LoadTimeWeaver setup: ignoring JPA class transformer
2024-07-04 17:04:38 INFO  o.s.o.j.LocalContainerEntityManagerFactoryBean - Initialized JPA EntityManagerFactory for persistence unit 'default'
2024-07-04 17:04:39 INFO  o.s.d.j.r.query.QueryEnhancerFactory - Hibernate is in classpath; If applicable, HQL parser will be used.
2024-07-04 17:04:40 WARN  o.s.b.a.o.j.JpaBaseConfiguration$JpaWebConfiguration - spring.jpa.open-in-view is enabled by default. Therefore, database queries may be performed during view rendering. Explicitly configure spring.jpa.open-in-view to disable this warning
2024-07-04 17:04:42 INFO  o.s.b.w.e.tomcat.TomcatWebServer - Tomcat started on port 8080 (http) with context path '/'
2024-07-04 17:04:43 INFO  c.t.shipments.ShipmentApplication - Started ShipmentApplication in 14.583 seconds (process running for 15.802)
2024-07-04 17:05:24 INFO  o.s.k.l.KafkaMessageListenerContainer - com.target: partitions assigned: [shipments_topic-0]
2024-07-04 17:06:35 INFO  o.s.web.servlet.DispatcherServlet - Initializing Servlet 'dispatcherServlet'
2024-07-04 17:06:35 INFO  o.s.web.servlet.DispatcherServlet - Completed initialization in 33 ms
2024-07-04 17:18:39 INFO  o.s.k.l.KafkaMessageListenerContainer - com.target: partitions revoked: [shipments_topic-0]
2024-07-04 17:18:41 INFO  o.s.k.l.KafkaMessageListenerContainer - com.target: Consumer stopped
2024-07-04 17:18:41 INFO  o.s.o.j.LocalContainerEntityManagerFactoryBean - Closing JPA EntityManagerFactory for persistence unit 'default'
2024-07-04 17:20:03 INFO  c.t.shipments.ShipmentApplication - Starting ShipmentApplication using Java 19.0.1 with PID 23208 (C:\Users\Sai Tejaswi\OneDrive\Desktop\Target-Ready\Project\target-Shipment-review-system\target\classes started by Sai Tejaswi in C:\Users\Sai Tejaswi\OneDrive\Desktop\Target-Ready\Project\target-Shipment-review-system)
2024-07-04 17:20:03 DEBUG c.t.shipments.ShipmentApplication - Running with Spring Boot v3.3.0, Spring v6.1.8
2024-07-04 17:20:03 INFO  c.t.shipments.ShipmentApplication - No active profile set, falling back to 1 default profile: "default"
2024-07-04 17:20:04 INFO  o.s.d.r.c.RepositoryConfigurationDelegate - Bootstrapping Spring Data JPA repositories in DEFAULT mode.
2024-07-04 17:20:04 INFO  o.s.d.r.c.RepositoryConfigurationDelegate - Finished Spring Data repository scanning in 71 ms. Found 2 JPA repository interfaces.
2024-07-04 17:20:05 INFO  o.s.b.w.e.tomcat.TomcatWebServer - Tomcat initialized with port 8080 (http)
2024-07-04 17:20:05 INFO  o.s.b.w.s.c.ServletWebServerApplicationContext - Root WebApplicationContext: initialization completed in 2291 ms
2024-07-04 17:20:06 INFO  o.s.o.j.p.SpringPersistenceUnitInfo - No LoadTimeWeaver setup: ignoring JPA class transformer
2024-07-04 17:20:08 INFO  o.s.o.j.LocalContainerEntityManagerFactoryBean - Initialized JPA EntityManagerFactory for persistence unit 'default'
2024-07-04 17:20:08 INFO  o.s.d.j.r.query.QueryEnhancerFactory - Hibernate is in classpath; If applicable, HQL parser will be used.
2024-07-04 17:20:09 WARN  o.s.b.a.o.j.JpaBaseConfiguration$JpaWebConfiguration - spring.jpa.open-in-view is enabled by default. Therefore, database queries may be performed during view rendering. Explicitly configure spring.jpa.open-in-view to disable this warning
2024-07-04 17:20:10 INFO  o.s.b.w.e.tomcat.TomcatWebServer - Tomcat started on port 8080 (http) with context path '/'
2024-07-04 17:20:10 INFO  c.t.shipments.ShipmentApplication - Started ShipmentApplication in 8.315 seconds (process running for 8.973)
2024-07-04 17:36:33 INFO  o.s.k.l.KafkaMessageListenerContainer - com.target: Consumer stopped
2024-07-04 17:36:33 INFO  o.s.o.j.LocalContainerEntityManagerFactoryBean - Closing JPA EntityManagerFactory for persistence unit 'default'
2024-07-04 17:38:04 INFO  c.t.shipments.ShipmentApplication - Starting ShipmentApplication using Java 19.0.1 with PID 17924 (C:\Users\Sai Tejaswi\OneDrive\Desktop\Target-Ready\Project\target-Shipment-review-system\target\classes started by Sai Tejaswi in C:\Users\Sai Tejaswi\OneDrive\Desktop\Target-Ready\Project\target-Shipment-review-system)
2024-07-04 17:38:04 DEBUG c.t.shipments.ShipmentApplication - Running with Spring Boot v3.3.0, Spring v6.1.8
2024-07-04 17:38:04 INFO  c.t.shipments.ShipmentApplication - No active profile set, falling back to 1 default profile: "default"
2024-07-04 17:38:05 INFO  o.s.d.r.c.RepositoryConfigurationDelegate - Bootstrapping Spring Data JPA repositories in DEFAULT mode.
2024-07-04 17:38:05 INFO  o.s.d.r.c.RepositoryConfigurationDelegate - Finished Spring Data repository scanning in 82 ms. Found 2 JPA repository interfaces.
2024-07-04 17:38:06 INFO  o.s.b.w.e.tomcat.TomcatWebServer - Tomcat initialized with port 8080 (http)
2024-07-04 17:38:06 INFO  o.s.b.w.s.c.ServletWebServerApplicationContext - Root WebApplicationContext: initialization completed in 2065 ms
2024-07-04 17:38:07 INFO  o.s.o.j.p.SpringPersistenceUnitInfo - No LoadTimeWeaver setup: ignoring JPA class transformer
2024-07-04 17:38:10 INFO  o.s.o.j.LocalContainerEntityManagerFactoryBean - Initialized JPA EntityManagerFactory for persistence unit 'default'
2024-07-04 17:38:11 INFO  o.s.d.j.r.query.QueryEnhancerFactory - Hibernate is in classpath; If applicable, HQL parser will be used.
2024-07-04 17:38:12 WARN  o.s.b.a.o.j.JpaBaseConfiguration$JpaWebConfiguration - spring.jpa.open-in-view is enabled by default. Therefore, database queries may be performed during view rendering. Explicitly configure spring.jpa.open-in-view to disable this warning
2024-07-04 17:38:14 INFO  o.s.b.w.e.tomcat.TomcatWebServer - Tomcat started on port 8080 (http) with context path '/'
2024-07-04 17:38:15 INFO  c.t.shipments.ShipmentApplication - Started ShipmentApplication in 12.126 seconds (process running for 12.897)
2024-07-04 18:57:40 INFO  o.s.k.l.KafkaMessageListenerContainer - com.target: Consumer stopped
2024-07-04 18:57:40 INFO  o.s.o.j.LocalContainerEntityManagerFactoryBean - Closing JPA EntityManagerFactory for persistence unit 'default'
